<?xml version="1.0" encoding="utf-8"?><testsuites><testsuite name="pytest" errors="2" failures="0" skipped="0" tests="2" time="0.206" timestamp="2025-09-05T14:27:46.511380+08:00" hostname="ice"><testcase classname="" name="tests.test_sendtx_utils" time="0.000"><error message="collection failure">ImportError while importing test module 'C:\Users\icebro\Desktop\code\xblock_interface_pressure_test\tests\test_sendtx_utils.py'.
Hint: make sure your test modules/packages have valid Python names.
Traceback:
..\..\..\AppData\Local\Programs\Python\Python312\Lib\importlib\__init__.py:90: in import_module
    return _bootstrap._gcd_import(name[level:], package, level)
tests\test_sendtx_utils.py:2: in &lt;module&gt;
    from withdrawal.sendTx import normalize_url, normalize_proxies, get_verify_option
E   ModuleNotFoundError: No module named 'withdrawal'</error></testcase><testcase classname="" name="tests.test_withdraw_sendtx_logging" time="0.000"><error message="collection failure">ImportError while importing test module 'C:\Users\icebro\Desktop\code\xblock_interface_pressure_test\tests\test_withdraw_sendtx_logging.py'.
Hint: make sure your test modules/packages have valid Python names.
Traceback:
..\..\..\AppData\Local\Programs\Python\Python312\Lib\importlib\__init__.py:90: in import_module
    return _bootstrap._gcd_import(name[level:], package, level)
tests\test_withdraw_sendtx_logging.py:5: in &lt;module&gt;
    from withdrawal.sendTx import batch_send_withdraw_json
E   ModuleNotFoundError: No module named 'withdrawal'</error></testcase></testsuite></testsuites>